1652375220281	geckodriver	INFO	Listening on 127.0.0.1:59360
1652375223321	mozrunner::runner	INFO	Running command: "C:\\Program Files\\Mozilla Firefox\\firefox.exe" "--marionette" "--remote-debugging-port" "59361" "--remote-allow-hosts" "localhost" "-no-remote" "-profile" "C:\\Users\\josep\\AppData\\Local\\Temp\\rust_mozprofileiK8ebk"
1652375223723	Marionette	INFO	Marionette enabled
console.warn: SearchSettings: "get: No settings file exists, new profile?" (new NotFoundError("Could not open the file at C:\\Users\\josep\\AppData\\Local\\Temp\\rust_mozprofileiK8ebk\\search.json.mozlz4", (void 0)))
DevTools listening on ws://localhost:59361/devtools/browser/d49bac85-d694-448d-80a2-3a9cecc8bae4
1652375226036	Marionette	INFO	Listening on port 59406
Read port: 59406
1652375226207	RemoteAgent	WARN	TLS certificate errors will be ignored for this session
1652375956220	Marionette	INFO	Stopped listening on port 59406
console.warn: TopSitesFeed: Failed to fetch data from Contile server: NetworkError when attempting to fetch resource.
remote-debugging-port" "57340" "--remote-allow-hosts" "localhost" "-no-remote" "-profile" "C:\\Users\\josep\\AppData\\Local\\Temp\\rust_mozprofileDOzuFn"
1652375644693	Marionette	INFO	Marionette enabled
console.warn: SearchSettings: "get: No settings file exists, new profile?" (new NotFoundError("Could not open the file at C:\\Users\\josep\\AppData\\Local\\Temp\\rust_mozprofileDOzuFn\\search.json.mozlz4", (void 0)))
DevTools listening on ws://localhost:57340/devtools/browser/41f4ddb5-8e68-48c9-88eb-351f46a5bd65
1652375647173	Marionette	INFO	Listening on port 57362
Read port: 57362
1652375647215	RemoteAgent	WARN	TLS certificate errors will be ignored for this session
1652375651576	Marionette	INFO	Stopped listening on port 57362
console.warn: TopSitesFeed: Failed to fetch data from Contile server: NetworkError when attempting to fetch resource.
1652376313180	geckodriver	INFO	Listening on 127.0.0.1:57937
1652376316209	mozrunner::runner	INFO	Running command: "C:\\Program Files\\Mozilla Firefox\\firefox.exe" "--marionette" "--remote-debugging-port" "57938" "--remote-allow-hosts" "localhost" "-no-remote" "-profile" "C:\\Users\\josep\\AppData\\Local\\Temp\\rust_mozprofileTHT9qk"
1652376316624	Marionette	INFO	Marionette enabled
console.warn: SearchSettings: "get: No settings file exists, new profile?" (new NotFoundError("Could not open the file at C:\\Users\\josep\\AppData\\Local\\Temp\\rust_mozprofileTHT9qk\\search.json.mozlz4", (void 0)))
DevTools listening on ws://localhost:57938/devtools/browser/da709847-e652-403e-adaa-e5e3b800ce47
1652376319214	Marionette	INFO	Listening on port 57961
Read port: 57961
1652376319304	RemoteAgent	WARN	TLS certificate errors will be ignored for this session
1652376848253	geckodriver	INFO	Listening on 127.0.0.1:50762
1652376851293	mozrunner::runner	INFO	Running command: "C:\\Program Files\\Mozilla Firefox\\firefox.exe" "--marionette" "--remote-debugging-port" "50763" "--remote-allow-hosts" "localhost" "-no-remote" "-profile" "C:\\Users\\josep\\AppData\\Local\\Temp\\rust_mozprofileb4eZXq"
1652376851667	Marionette	INFO	Marionette enabled
console.warn: SearchSettings: "get: No settings file exists, new profile?" (new NotFoundError("Could not open the file at C:\\Users\\josep\\AppData\\Local\\Temp\\rust_mozprofileb4eZXq\\search.json.mozlz4", (void 0)))
DevTools listening on ws://localhost:50763/devtools/browser/29e15b0e-78fd-44ea-a5cf-796f14efa491
1652376853669	Marionette	INFO	Listening on port 50785
Read port: 50785
1652376853771	RemoteAgent	WARN	TLS certificate errors will be ignored for this session
JavaScript warning: https://ssl.cdne.cpmstar.com/cached/zonemasters/mobilemodules.js?ver=1198, line 93: WEBGL_debug_renderer_info is deprecated in Firefox and will be removed. Please use RENDERER.
JavaScript error: https://server.cpmstar.com/tag.aspx?a=0_0176D4A8&group=57, line 1: SyntaxError: expected expression, got '<'
JavaScript error: https://server.cpmstar.com/tag.aspx?a=0_0176D4A8&group=58, line 1: SyntaxError: expected expression, got '<'
[Child 88980, MediaDecoderStateMachine #1] WARNING: 29abb594450 Could not set cubeb stream name.: file /builds/worker/checkouts/gecko/dom/media/AudioStream.cpp:327
[Child 88980, MediaDecoderStateMachine #1] WARNING: 29abfd19ef0 Could not set cubeb stream name.: file /builds/worker/checkouts/gecko/dom/media/AudioStream.cpp:327
1652376908956	geckodriver	INFO	Listening on 127.0.0.1:55234
1652376911995	mozrunner::runner	INFO	Running command: "C:\\Program Files\\Mozilla Firefox\\firefox.exe" "--marionette" "--remote-debugging-port" "55235" "--remote-allow-hosts" "localhost" "-no-remote" "-profile" "C:\\Users\\josep\\AppData\\Local\\Temp\\rust_mozprofileTCrKkh"
1652376912485	Marionette	INFO	Marionette enabled
console.warn: SearchSettings: "get: No settings file exists, new profile?" (new NotFoundError("Could not open the file at C:\\Users\\josep\\AppData\\Local\\Temp\\rust_mozprofileTCrKkh\\search.json.mozlz4", (void 0)))
DevTools listening on ws://localhost:55235/devtools/browser/18deb9d0-e69e-457d-906c-c0451e385a99
1652376914360	Marionette	INFO	Listening on port 55258
Read port: 55258
1652376914383	RemoteAgent	WARN	TLS certificate errors will be ignored for this session
JavaScript warning: https://pagead2.googlesyndication.com/bg/dFqp3r-NjKYIiZFGuMjg27V2y58JRdrnPk3CKLoufA4.js line 1 > eval line 1180 > eval line 1 > eval line 1 > eval, line 1: WEBGL_debug_renderer_info is deprecated in Firefox and will be removed. Please use RENDERER.
JavaScript warning: https://pagead2.googlesyndication.com/bg/-xusYJ2at0dbS1ujZyBHkA92CrhnscK4RJsdXU_Rclk.js line 1 > eval line 5855 > eval line 1 > eval line 1 > eval, line 1: WEBGL_debug_renderer_info is deprecated in Firefox and will be removed. Please use RENDERER.
1652376972601	Marionette	INFO	Stopped listening on port 55258
JavaScript error: , line 0: TypeError: NetworkError when attempting to fetch resource.
console.warn: TopSitesFeed: Failed to fetch data from Contile server: NetworkError when attempting to fetch resource.

###!!! [Parent][PGPUParent] Error: RunMessage(msgname=PGPU::Msg_ShutdownVR) Channel closing: too late to send/recv, messages will be lost

s: "get: No settings file exists, new profile?" (new NotFoundError("Could not open the file at C:\\Users\\josep\\AppData\\Local\\Temp\\rust_mozprofileKVbOfw\\search.json.mozlz4", (void 0)))
DevTools listening on ws://localhost:51321/devtools/browser/4c2feee0-2ddd-480f-be97-ae6791b76a5a
1652376967515	Marionette	INFO	Listening on port 51344
Read port: 51344
1652376967560	RemoteAgent	WARN	TLS certificate errors will be ignored for this session
JavaScript warning: https://pagead2.googlesyndication.com/bg/dFqp3r-NjKYIiZFGuMjg27V2y58JRdrnPk3CKLoufA4.js line 1 > eval line 1949 > eval line 1 > eval line 1 > eval, line 1: WEBGL_debug_renderer_info is deprecated in Firefox and will be removed. Please use RENDERER.
JavaScript warning: https://pagead2.googlesyndication.com/bg/-xusYJ2at0dbS1ujZyBHkA92CrhnscK4RJsdXU_Rclk.js line 1 > eval line 2735 > eval line 1 > eval line 1 > eval, line 1: WEBGL_debug_renderer_info is deprecated in Firefox and will be removed. Please use RENDERER.
JavaScript error: , line 0: uncaught exception: 7
1652376985115	Marionette	INFO	Stopped listening on port 51344
JavaScript error: , line 0: TypeError: NetworkError when attempting to fetch resource.
console.warn: TopSitesFeed: Failed to fetch data from Contile server: NetworkError when attempting to fetch resource.
JavaScript error: chrome://remote/content/marionette/cert.js, line 55: NS_ERROR_NOT_AVAILABLE: Component returned failure code: 0x80040111 (NS_ERROR_NOT_AVAILABLE) [nsICertOverrideService.setDisableAllSecurityChecksAndLetAttackersInterceptMyData]
1652377097604	geckodriver	INFO	Listening on 127.0.0.1:52380
1652377100651	mozrunner::runner	INFO	Running command: "C:\\Program Files\\Mozilla Firefox\\firefox.exe" "--marionette" "--remote-debugging-port" "52381" "--remote-allow-hosts" "localhost" "-no-remote" "-profile" "C:\\Users\\josep\\AppData\\Local\\Temp\\rust_mozprofileq5Zbon"
1652377101214	Marionette	INFO	Marionette enabled
console.warn: SearchSettings: "get: No settings file exists, new profile?" (new NotFoundError("Could not open the file at C:\\Users\\josep\\AppData\\Local\\Temp\\rust_mozprofileq5Zbon\\search.json.mozlz4", (void 0)))
DevTools listening on ws://localhost:52381/devtools/browser/2f046e9c-c3f6-4d20-a7bb-d7c444197243
1652377103348	Marionette	INFO	Listening on port 52403
Read port: 52403
1652377103460	RemoteAgent	WARN	TLS certificate errors will be ignored for this session
1652377190566	Marionette	INFO	Stopped listening on port 52403

###!!! [Parent][PGPUParent] Error: RunMessage(msgname=PGPU::Msg_ShutdownVR) Channel closing: too late to send/recv, messages will be lost

1652377197745	geckodriver	INFO	Listening on 127.0.0.1:54921
1652377200802	mozrunner::runner	INFO	Running command: "C:\\Program Files\\Mozilla Firefox\\firefox.exe" "--marionette" "--remote-debugging-port" "54922" "--remote-allow-hosts" "localhost" "-no-remote" "-profile" "C:\\Users\\josep\\AppData\\Local\\Temp\\rust_mozprofileujfoex"
1652377201183	Marionette	INFO	Marionette enabled
console.warn: SearchSettings: "get: No settings file exists, new profile?" (new NotFoundError("Could not open the file at C:\\Users\\josep\\AppData\\Local\\Temp\\rust_mozprofileujfoex\\search.json.mozlz4", (void 0)))
DevTools listening on ws://localhost:54922/devtools/browser/cfc76839-2c28-4561-af91-5a82448c3f70
1652377202882	Marionette	INFO	Listening on port 54944
Read port: 54944
1652377202981	RemoteAgent	WARN	TLS certificate errors will be ignored for this session
1652377223007	Marionette	INFO	Stopped listening on port 54944
console.warn: TopSitesFeed: Failed to fetch data from Contile server: NetworkError when attempting to fetch resource.
1652377228078	geckodriver	INFO	Listening on 127.0.0.1:54971
1652377231142	mozrunner::runner	INFO	Running command: "C:\\Program Files\\Mozilla Firefox\\firefox.exe" "--marionette" "--remote-debugging-port" "54972" "--remote-allow-hosts" "localhost" "-no-remote" "-profile" "C:\\Users\\josep\\AppData\\Local\\Temp\\rust_mozprofilelGzea3"
1652377231510	Marionette	INFO	Marionette enabled
console.warn: SearchSettings: "get: No settings file exists, new profile?" (new NotFoundError("Could not open the file at C:\\Users\\josep\\AppData\\Local\\Temp\\rust_mozprofilelGzea3\\search.json.mozlz4", (void 0)))
DevTools listening on ws://localhost:54972/devtools/browser/5232e6df-f4d9-42cc-ae39-f139383cf28b
1652377233339	Marionette	INFO	Listening on port 54997
Read port: 54997
1652377233409	RemoteAgent	WARN	TLS certificate errors will be ignored for this session
[Child 45104, MediaDecoderStateMachine #1] WARNING: 270ece339b0 Could not set cubeb stream name.: file /builds/worker/checkouts/gecko/dom/media/AudioStream.cpp:327
[Child 45104, MediaDecoderStateMachine #1] WARNING: 270dac308a0 Could not set cubeb stream name.: file /builds/worker/checkouts/gecko/dom/media/AudioStream.cpp:327
[Child 45104, MediaDecoderStateMachine #1] WARNING: 270dac30ac0 Could not set cubeb stream name.: file /builds/worker/checkouts/gecko/dom/media/AudioStream.cpp:327
[Child 45104, MediaDecoderStateMachine #2] WARNING: 270dac30ac0 Could not set cubeb stream name.: file /builds/worker/checkouts/gecko/dom/media/AudioStream.cpp:327
[Child 45104, MediaDecoderStateMachine #3] WARNING: 270e28cc570 Could not set cubeb stream name.: file /builds/worker/checkouts/gecko/dom/media/AudioStream.cpp:327
[Child 45104, MediaDecoderStateMachine #3] WARNING: 270e42c2f00 Could not set cubeb stream name.: file /builds/worker/checkouts/gecko/dom/media/AudioStream.cpp:327
[Child 45104, MediaDecoderStateMachine #4] WARNING: 270e28cc680 Could not set cubeb stream name.: file /builds/worker/checkouts/gecko/dom/media/AudioStream.cpp:327
[Child 45104, MediaDecoderStateMachine #5] WARNING: 270e28cc680 Could not set cubeb stream name.: file /builds/worker/checkouts/gecko/dom/media/AudioStream.cpp:327
[Child 45104, MediaDecoderStateMachine #5] WARNING: 270dac308a0 Could not set cubeb stream name.: file /builds/worker/checkouts/gecko/dom/media/AudioStream.cpp:327
[Child 45104, MediaDecoderStateMachine #6] WARNING: 270e28ccf00 Could not set cubeb stream name.: file /builds/worker/checkouts/gecko/dom/media/AudioStream.cpp:327
1652378465803	Marionette	INFO	Stopped listening on port 54997
console.warn: TopSitesFeed: Failed to fetch data from Contile server: NetworkError when attempting to fetch resource.

###!!! [Parent][PGPUParent] Error: RunMessage(msgname=PGPU::Msg_ShutdownVR) Channel closing: too late to send/recv, messages will be lost

derer_info is deprecated in Firefox and will be removed. Please use RENDERER.
1652378466955	Marionette	INFO	Stopped listening on port 51335
JavaScript error: , line 0: TypeError: NetworkError when attempting to fetch resource.
console.warn: TopSitesFeed: Failed to fetch data from Contile server: NetworkError when attempting to fetch resource.
" "C:\\Users\\josep\\AppData\\Local\\Temp\\rust_mozprofileTSsGvs"
1652378002068	Marionette	INFO	Marionette enabled
console.warn: SearchSettings: "get: No settings file exists, new profile?" (new NotFoundError("Could not open the file at C:\\Users\\josep\\AppData\\Local\\Temp\\rust_mozprofileTSsGvs\\search.json.mozlz4", (void 0)))
DevTools listening on ws://localhost:55535/devtools/browser/6161782a-dd75-4eb5-9d0d-b12724338835
1652378005116	Marionette	INFO	Listening on port 55559
Read port: 55559
1652378005209	RemoteAgent	WARN	TLS certificate errors will be ignored for this session
[Child 89388, MediaDecoderStateMachine #1] WARNING: 24b84d84130 Could not set cubeb stream name.: file /builds/worker/checkouts/gecko/dom/media/AudioStream.cpp:327
[Child 89388, MediaDecoderStateMachine #1] WARNING: 24b7d5af780 Could not set cubeb stream name.: file /builds/worker/checkouts/gecko/dom/media/AudioStream.cpp:327
[Child 89388, MediaDecoderStateMachine #1] WARNING: 24b7d508010 Could not set cubeb stream name.: file /builds/worker/checkouts/gecko/dom/media/AudioStream.cpp:327
JavaScript error: https://live.primis.tech/live/liveVideo.php?vpaidManager=sekindo&s=58057&ri=6C69766553746174737C736B317B54307D7B64323032322D30352D31325F32307D7B7331363735343730367D7B4336327D7B535A47567A64476C756558527959574E725A584975593239747D7B6266697265666F787D7B716465736B746F707D7B6F77696E646F77737D7B583630307D7B593430307D7B66317D7B4C31303833307DFEFE&userIpAddr=81.100.198.165&userUA=Mozilla%2F5.0+%28Windows+NT+10.0%3B+Win64%3B+x64%3B+rv%3A100.0%29+Gecko%2F20100101+Firefox%2F100.0&debugInformation=&isWePassGdpr=0&noViewableMidrollPolicy=off&isDoublePreroll=0&autoSkipVideoSec=30&c2pWaitTime=10&isSinglePageFloatSupport=1&csuuid=627d49d66400e&debugInfo=16754706_&debugPlayerSession=&pubUrlDEMO=&isAsyncDEMO=0&customPlaylistIdDEMO=&sta=16754706&showLogo=0&clkUrl=&plMult=-1&schedule=eyJwcmVfcm9sbCI6MSwibWlkX3JvbGwiOltdLCJnYXAiOiJhdXRvIn0%3D&content=plembed288cmzylixop&secondaryContent=&x=600&y=400&pubUrl=https%3A%2F%2Fdestinytracker.com%2Fdestiny-2%2Fprofile%2Fbungie%2F4611686018478013482%2Foverview&contentNum=1&flow_closeBtn=1&flowCloseTimeout=1&flow_closeButtonPosition=right&flow_direction=br&flow_horizontalOffset=1&flow_bottomOffset=1&impGap=2&flow_width=400&flow_height=225&videoType=sticky&gdpr=1&gdprConsent=&contentFeedId=&geoLati=51.4098&geoLong=-0.0249&vpTemplate=10830&flowMode=seenboth&isRealPreroll=0&playerApiId=&isApp=0&ccpa=0&ccpaConsent=&subId=destinytracker.com, line 371: TypeError: this.config.onViewabilityChange is undefined
1652378102547	Marionette	INFO	Stopped listening on port 55559
1652378115213	geckodriver	INFO	Listening on 127.0.0.1:54457
1652378118266	mozrunner::runner	INFO	Running command: "C:\\Program Files\\Mozilla Firefox\\firefox.exe" "--marionette" "--remote-debugging-port" "54458" "--remote-allow-hosts" "localhost" "-no-remote" "-profile" "C:\\Users\\josep\\AppData\\Local\\Temp\\rust_mozprofile6ASK0b"
1652378118833	Marionette	INFO	Marionette enabled
console.warn: SearchSettings: "get: No settings file exists, new profile?" (new NotFoundError("Could not open the file at C:\\Users\\josep\\AppData\\Local\\Temp\\rust_mozprofile6ASK0b\\search.json.mozlz4", (void 0)))
DevTools listening on ws://localhost:54458/devtools/browser/2bcd8f8a-de77-41c2-a486-38e9f11f95b9
1652378122103	Marionette	INFO	Listening on port 54482
Read port: 54482
1652378122134	RemoteAgent	WARN	TLS certificate errors will be ignored for this session
JavaScript warning: https://pagead2.googlesyndication.com/bg/dFqp3r-NjKYIiZFGuMjg27V2y58JRdrnPk3CKLoufA4.js line 1 > eval line 7282 > eval line 1 > eval line 1 > eval, line 1: WEBGL_debug_renderer_info is deprecated in Firefox and will be removed. Please use RENDERER.
JavaScript warning: https://pagead2.googlesyndication.com/bg/-xusYJ2at0dbS1ujZyBHkA92CrhnscK4RJsdXU_Rclk.js line 1 > eval line 4907 > eval line 1 > eval line 1 > eval, line 1: WEBGL_debug_renderer_info is deprecated in Firefox and will be removed. Please use RENDERER.
1652378468412	Marionette	INFO	Stopped listening on port 54482
JavaScript error: , line 0: TypeError: NetworkError when attempting to fetch resource.
console.warn: TopSitesFeed: Failed to fetch data from Contile server: NetworkError when attempting to fetch resource.
" "C:\\Users\\josep\\AppData\\Local\\Temp\\rust_mozprofile3xKXQp"
1652378379475	Marionette	INFO	Marionette enabled
console.warn: SearchSettings: "get: No settings file exists, new profile?" (new NotFoundError("Could not open the file at C:\\Users\\josep\\AppData\\Local\\Temp\\rust_mozprofile3xKXQp\\search.json.mozlz4", (void 0)))
DevTools listening on ws://localhost:52709/devtools/browser/638134fd-7642-416e-816e-d6bafbad7c85
1652378381393	Marionette	INFO	Listening on port 52737
Read port: 52737
1652378381476	RemoteAgent	WARN	TLS certificate errors will be ignored for this session
JavaScript warning: https://pagead2.googlesyndication.com/bg/dFqp3r-NjKYIiZFGuMjg27V2y58JRdrnPk3CKLoufA4.js line 1 > eval line 1229 > eval line 1 > eval line 1 > eval, line 1: WEBGL_debug_renderer_info is deprecated in Firefox and will be removed. Please use RENDERER.
JavaScript warning: https://pagead2.googlesyndication.com/bg/-xusYJ2at0dbS1ujZyBHkA92CrhnscK4RJsdXU_Rclk.js line 1 > eval line 2556 > eval line 1 > eval line 1 > eval, line 1: WEBGL_debug_renderer_info is deprecated in Firefox and will be removed. Please use RENDERER.
1652378469155	Marionette	INFO	Stopped listening on port 52737
JavaScript error: , line 0: TypeError: NetworkError when attempting to fetch resource.
console.warn: TopSitesFeed: Failed to fetch data from Contile server: NetworkError when attempting to fetch resource.
